{"target": 0.7064493515597616, "params": {"C": 83.41023072046778, "gamma": 7.20604168948716}}
{"target": 0.6465124430424115, "params": {"C": 0.03287381972080388, "gamma": 3.0303024005920793}}
{"target": 0.844900105152471, "params": {"C": 29.35971060451444, "gamma": 0.9324625617402901}}
{"target": 0.8270241850683491, "params": {"C": 37.2601796734204, "gamma": 3.462151663160047}}
{"target": 0.8354363827549948, "params": {"C": 79.35952717139169, "gamma": 5.392779172693536}}
{"target": 0.7106554504030844, "params": {"C": 83.84471093551494, "gamma": 6.855342808963627}}
{"target": 0.830354013319313, "params": {"C": 32.03974839986808, "gamma": 4.799445249289028}}
{"target": 0.8264984227129337, "params": {"C": 75.57082654075515, "gamma": 1.733187832893736}}
{"target": 0.6938310550297933, "params": {"C": 73.70876403531831, "gamma": 7.826826077876428}}
{"target": 0.8427970557308097, "params": {"C": 80.07445314441722, "gamma": 0.7110134505270984}}
{"target": 0.8293024886084823, "params": {"C": 24.813116887044036, "gamma": 4.4962611634033935}}
{"target": 0.8729407641079565, "params": {"C": 19.92375236822606, "gamma": 0.26777593244121495}}
{"target": 0.8293024886084823, "params": {"C": 16.731276302642748, "gamma": 4.4888511289486415}}
{"target": 0.8631265334735366, "params": {"C": 14.274830847377455, "gamma": 0.01}}
{"target": 0.6684192078513845, "params": {"C": 43.312720956590944, "gamma": 10.0}}
{"target": 0.8273746933052927, "params": {"C": 196.9852995189055, "gamma": 3.307777415849953}}
{"target": 0.8273746933052927, "params": {"C": 188.729446048592, "gamma": 3.0658961324899465}}
{"target": 0.6684192078513845, "params": {"C": 192.6383679795938, "gamma": 10.0}}
{"target": 0.8689099193831055, "params": {"C": 182.4780495631985, "gamma": 0.01}}
{"target": 0.8293024886084823, "params": {"C": 178.80125116473198, "gamma": 4.599534382574046}}
{"target": 0.8689099193831055, "params": {"C": 174.22931308471274, "gamma": 0.01}}
{"target": 0.8731160182264284, "params": {"C": 167.60779410425422, "gamma": 0.06779289800107383}}
{"target": 0.7586750788643533, "params": {"C": 169.5830426739808, "gamma": 5.931341636751411}}
{"target": 0.8687346652646337, "params": {"C": 161.53182613589476, "gamma": 0.01}}
{"target": 0.868559411146162, "params": {"C": 154.54988508887212, "gamma": 0.01}}
{"target": 0.7418506834910621, "params": {"C": 156.70551158356395, "gamma": 6.0099270927177235}}
{"target": 0.8682089029092184, "params": {"C": 148.35149347224953, "gamma": 0.01}}
{"target": 0.8257974062390466, "params": {"C": 141.63249832584722, "gamma": 1.364806107999877}}
{"target": 0.7062740974412899, "params": {"C": 146.0598803106217, "gamma": 7.183795272052255}}
{"target": 0.8671573781983877, "params": {"C": 132.72787061418202, "gamma": 0.01}}
{"target": 0.8666316158429723, "params": {"C": 126.39755220776553, "gamma": 0.01}}
{"target": 0.8377146862951279, "params": {"C": 129.39010220794933, "gamma": 5.846406508006874}}
{"target": 0.8268489309498773, "params": {"C": 120.04299351641056, "gamma": 3.454150678769737}}
{"target": 0.8724150017525412, "params": {"C": 109.78104941909007, "gamma": 0.03322656236991356}}
{"target": 0.73378899404136, "params": {"C": 108.25163886809175, "gamma": 6.115189795270141}}
{"target": 0.8655800911321416, "params": {"C": 114.58930770783597, "gamma": 0.01}}
{"target": 0.8654048370136698, "params": {"C": 57.97381171769554, "gamma": 0.01}}
{"target": 0.7302839116719243, "params": {"C": 58.26921069831559, "gamma": 6.188889343850498}}
{"target": 0.8710129688047669, "params": {"C": 52.20264529631002, "gamma": 0.020108064888265713}}
{"target": 0.8745180511742026, "params": {"C": 45.9180601043031, "gamma": 0.08139098884423089}}
{"target": 0.8654048370136698, "params": {"C": 97.81139096062968, "gamma": 0.01}}
{"target": 0.8759200841219769, "params": {"C": 92.1933608842562, "gamma": 0.1065293406848198}}
{"target": 0.8305292674377848, "params": {"C": 95.07307943492681, "gamma": 5.055541604591976}}
{"target": 0.8659305993690851, "params": {"C": 103.60720694278238, "gamma": 0.01}}
{"target": 0.6684192078513845, "params": {"C": 123.32232046648816, "gamma": 10.0}}
{"target": 0.8361373992288819, "params": {"C": 135.1642426401389, "gamma": 5.439052306150088}}
{"target": 0.8654048370136698, "params": {"C": 64.76051851936353, "gamma": 0.01}}
{"target": 0.6684192078513845, "params": {"C": 10.827172553402011, "gamma": 10.0}}
{"target": 0.8717139852786541, "params": {"C": 199.821372258052, "gamma": 0.12541677046099184}}
{"target": 0.8729407641079565, "params": {"C": 192.59709666077669, "gamma": 0.04100833194054988}}
{"target": 0.8743427970557308, "params": {"C": 41.12194904497146, "gamma": 0.19691699549502145}}
{"target": 0.8746933052926744, "params": {"C": 35.68380801488394, "gamma": 0.08952169736995923}}
{"target": 0.8732912723449001, "params": {"C": 120.83331990164389, "gamma": 0.04327513644788285}}
{"target": 0.6684192078513845, "params": {"C": 27.005602432225224, "gamma": 10.0}}
{"target": 0.8648790746582544, "params": {"C": 87.27778883381123, "gamma": 0.01}}
{"target": 0.8711882229232387, "params": {"C": 178.44678987593394, "gamma": 0.014886843533720238}}
{"target": 0.8689099193831055, "params": {"C": 187.54635330285407, "gamma": 0.01}}
{"target": 0.6684192078513845, "params": {"C": 99.14096074272375, "gamma": 10.0}}
{"target": 0.865229582895198, "params": {"C": 24.129190587133213, "gamma": 0.01}}
{"target": 0.8675078864353313, "params": {"C": 136.9919852308399, "gamma": 0.01}}
{"target": 0.8759200841219769, "params": {"C": 196.24735692765486, "gamma": 0.0874321110087419}}
{"target": 0.8736417805818437, "params": {"C": 69.59944149383792, "gamma": 0.07829890117416471}}
{"target": 0.6684192078513845, "params": {"C": 180.95905623771455, "gamma": 10.0}}
{"target": 0.6684192078513845, "params": {"C": 133.7235156886381, "gamma": 10.0}}
{"target": 0.8249211356466877, "params": {"C": 130.6262130342127, "gamma": 2.6903547618303123}}
{"target": 0.8275499474237644, "params": {"C": 49.36107496889388, "gamma": 3.3070955490721854}}
{"target": 0.8594461969856292, "params": {"C": 9.501281259810563, "gamma": 0.01}}
{"target": 0.8273746933052927, "params": {"C": 90.8281691990658, "gamma": 3.3839889683533086}}
{"target": 0.8687346652646337, "params": {"C": 151.41484764703003, "gamma": 0.01}}
{"target": 0.8266736768314056, "params": {"C": 124.2833216109384, "gamma": 2.2640905520908317}}
{"target": 0.8271994391868209, "params": {"C": 21.1192449014385, "gamma": 3.0311153897515832}}
{"target": 0.872590255871013, "params": {"C": 164.8818924202384, "gamma": 0.1351332092331542}}
{"target": 0.8277252015422363, "params": {"C": 66.7065088414397, "gamma": 3.079947190516988}}
{"target": 0.8722397476340694, "params": {"C": 117.93677740506745, "gamma": 0.06009626326136475}}
{"target": 0.6787592008412198, "params": {"C": 199.98343774438473, "gamma": 8.847607593215104}}
{"target": 0.8731160182264284, "params": {"C": 49.043524944933196, "gamma": 0.09016478697794462}}
{"target": 0.8319313003855591, "params": {"C": 94.89231801121372, "gamma": 1.0290856767380467}}
{"target": 0.8266736768314056, "params": {"C": 100.24975728915102, "gamma": 2.321988624296014}}
{"target": 0.8273746933052927, "params": {"C": 114.58794773281237, "gamma": 4.0629603810110675}}
{"target": 0.8745180511742026, "params": {"C": 170.96307608185157, "gamma": 0.03646105750702643}}
{"target": 0.8270241850683491, "params": {"C": 135.52012741748362, "gamma": 2.242916617883253}}
{"target": 0.8655800911321416, "params": {"C": 61.284204618724175, "gamma": 0.01}}
{"target": 0.6684192078513845, "params": {"C": 163.13218429665443, "gamma": 9.988947931781754}}
{"target": 0.8689099193831055, "params": {"C": 158.01267013842838, "gamma": 0.01}}
{"target": 0.8247458815282159, "params": {"C": 174.82054997232956, "gamma": 2.6389824153416224}}
{"target": 0.8727655099894848, "params": {"C": 90.07264174728562, "gamma": 0.03340194640722328}}
{"target": 0.8270241850683491, "params": {"C": 183.40080373019703, "gamma": 2.937758573385701}}
{"target": 0.8662811076060287, "params": {"C": 17.555822325149155, "gamma": 0.019176253449006354}}
{"target": 0.8657553452506134, "params": {"C": 106.85106961757796, "gamma": 0.01}}
{"target": 0.8746933052926744, "params": {"C": 38.11177078222734, "gamma": 0.08478248812625544}}
{"target": 0.8298282509638977, "params": {"C": 11.686734162374904, "gamma": 2.1646009820039005}}
{"target": 0.8654048370136698, "params": {"C": 100.56159382240182, "gamma": 0.01}}
{"target": 0.8731160182264284, "params": {"C": 32.67736391064971, "gamma": 0.12474033438995402}}
{"target": 0.8718892393971258, "params": {"C": 144.27453226295364, "gamma": 0.02881434176233328}}
{"target": 0.8654048370136698, "params": {"C": 83.8417515545991, "gamma": 0.01}}
{"target": 0.8713634770417105, "params": {"C": 54.67921967842935, "gamma": 0.03912863215643492}}
{"target": 0.865229582895198, "params": {"C": 72.25840970036188, "gamma": 0.01}}
{"target": 0.8713634770417105, "params": {"C": 190.24826302776876, "gamma": 0.14131367426315247}}
{"target": 0.8275499474237644, "params": {"C": 43.86444524055721, "gamma": 1.9418202086226821}}
{"target": 0.8270241850683491, "params": {"C": 33.65394738594792, "gamma": 2.1742446783881757}}
{"target": 0.6684192078513845, "params": {"C": 34.84992624800196, "gamma": 9.967224741984664}}
{"target": 0.8669821240799159, "params": {"C": 129.32312201298083, "gamma": 0.01}}
{"target": 0.8270241850683491, "params": {"C": 179.68554008814215, "gamma": 1.7493696197499338}}
{"target": 0.6689449702067999, "params": {"C": 91.79205571105076, "gamma": 9.927680929195603}}
{"target": 0.8748685594111462, "params": {"C": 185.29917551264793, "gamma": 0.0356738969638752}}
{"target": 0.8655800911321416, "params": {"C": 43.42347004587385, "gamma": 0.01}}
{"target": 0.8271994391868209, "params": {"C": 163.25152135532767, "gamma": 2.1868982260985916}}
{"target": 0.8694356817385208, "params": {"C": 198.0908941369175, "gamma": 0.01}}
{"target": 0.865229582895198, "params": {"C": 67.34643898852265, "gamma": 0.01}}
{"target": 0.8268489309498773, "params": {"C": 193.48324836573659, "gamma": 2.0680749316052522}}
{"target": 0.8678583946722748, "params": {"C": 139.71717952571657, "gamma": 0.01}}
{"target": 0.8331580792148615, "params": {"C": 111.95543426091707, "gamma": 0.9547848604228087}}
{"target": 0.6689449702067999, "params": {"C": 114.46509979948218, "gamma": 9.924071687087986}}
{"target": 0.8271994391868209, "params": {"C": 200.0, "gamma": 2.1863819420799735}}
{"target": 0.872590255871013, "params": {"C": 123.51937830487718, "gamma": 0.06310578492666434}}
{"target": 0.826323168594462, "params": {"C": 116.72873312696238, "gamma": 1.6455325314837026}}
{"target": 0.6691202243252716, "params": {"C": 64.43273183774102, "gamma": 9.8128480135374}}
{"target": 0.6689449702067999, "params": {"C": 51.99987090519741, "gamma": 9.850660122686357}}
{"target": 0.826323168594462, "params": {"C": 151.7410621830333, "gamma": 2.472887734923847}}
{"target": 0.8275499474237644, "params": {"C": 53.871774049529755, "gamma": 2.245622165928898}}
{"target": 0.8708377146862951, "params": {"C": 176.42566147561232, "gamma": 0.18060690400116042}}
{"target": 0.8589204346302138, "params": {"C": 6.596519677258865, "gamma": 0.011488817805104603}}
{"target": 0.8720644935155977, "params": {"C": 22.110371340655895, "gamma": 0.04435385364095723}}
{"target": 0.8259726603575184, "params": {"C": 70.70582332615594, "gamma": 1.771586051405223}}
{"target": 0.8273746933052927, "params": {"C": 62.72703571095513, "gamma": 2.1345196040704386}}
{"target": 0.8271994391868209, "params": {"C": 82.47162698723909, "gamma": 2.2429649675462615}}
{"target": 0.868559411146162, "params": {"C": 145.85103870439167, "gamma": 0.26322188954212833}}
{"target": 0.8273746933052927, "params": {"C": 28.460371015226286, "gamma": 3.9139336087100816}}
{"target": 0.8650543287767263, "params": {"C": 47.425545864771436, "gamma": 0.01}}
{"target": 0.6684192078513845, "params": {"C": 18.846172919413245, "gamma": 10.0}}
{"target": 0.8291272344900105, "params": {"C": 16.060626952695863, "gamma": 1.8036499913563253}}
{"target": 0.8692604276200491, "params": {"C": 194.5615882973587, "gamma": 0.01}}
{"target": 0.8319313003855591, "params": {"C": 7.223235283570977, "gamma": 2.356447262040488}}
{"target": 0.8654048370136698, "params": {"C": 76.75111180638741, "gamma": 0.01}}
{"target": 0.6465124430424115, "params": {"C": 0.01, "gamma": 10.0}}
{"target": 0.8271994391868209, "params": {"C": 169.3178929486441, "gamma": 1.2959591962854744}}
{"target": 0.6684192078513845, "params": {"C": 173.5744838033229, "gamma": 10.0}}
{"target": 0.8659305993690851, "params": {"C": 27.02345746412006, "gamma": 0.010617993213947612}}
{"target": 0.8697861899754644, "params": {"C": 39.898400202729945, "gamma": 0.025702105438097263}}
{"target": 0.8284262180161234, "params": {"C": 25.233675627537583, "gamma": 1.6725193688584863}}
{"target": 0.8618997546442342, "params": {"C": 12.079211299649094, "gamma": 0.01}}
{"target": 0.8271994391868209, "params": {"C": 40.02655873925519, "gamma": 1.6855227621188211}}
{"target": 0.8310550297932001, "params": {"C": 50.45889599246236, "gamma": 1.023236031443967}}
{"target": 0.8370136698212408, "params": {"C": 138.4226598640253, "gamma": 5.603827162981253}}
{"target": 0.8264984227129337, "params": {"C": 156.36325518401011, "gamma": 1.6000305303197497}}
{"target": 0.668769716088328, "params": {"C": 152.58354882768757, "gamma": 9.94784586190582}}
{"target": 0.870136698212408, "params": {"C": 159.81712608025387, "gamma": 0.01213613938423422}}
{"target": 0.8711882229232387, "params": {"C": 172.48724372354874, "gamma": 0.018800609527604966}}
{"target": 0.8673326323168594, "params": {"C": 31.33195463521071, "gamma": 0.017618352829974124}}
{"target": 0.8671573781983877, "params": {"C": 134.7516760292587, "gamma": 0.01}}
{"target": 0.8689099193831055, "params": {"C": 166.2344445065412, "gamma": 0.01}}
{"target": 0.8659305993690851, "params": {"C": 119.3403042734956, "gamma": 0.01}}
{"target": 0.8690851735015773, "params": {"C": 169.2210530136191, "gamma": 0.01}}
{"target": 0.8654048370136698, "params": {"C": 74.64152728287189, "gamma": 0.01}}
{"target": 0.6684192078513845, "params": {"C": 140.63622441494448, "gamma": 10.0}}
{"target": 0.8683841570276901, "params": {"C": 163.42957008373642, "gamma": 0.01}}
{"target": 0.8659305993690851, "params": {"C": 116.33930351143056, "gamma": 0.01}}
{"target": 0.8271994391868209, "params": {"C": 186.30392101754757, "gamma": 1.3058916643966068}}
{"target": 0.8261479144759902, "params": {"C": 86.02508973670733, "gamma": 1.4517085510834244}}
{"target": 0.8275499474237644, "params": {"C": 104.84085570489913, "gamma": 1.921805437647478}}
{"target": 0.8689099193831055, "params": {"C": 183.96315526480797, "gamma": 0.01}}
{"target": 0.8357868909919383, "params": {"C": 91.54171296095019, "gamma": 0.8082474425293951}}
{"target": 0.8268489309498773, "params": {"C": 147.97170248863594, "gamma": 2.050158309741553}}
{"target": 0.866105853487557, "params": {"C": 122.20060176791173, "gamma": 0.01}}
{"target": 0.8734665264633719, "params": {"C": 93.56952366581787, "gamma": 0.04976181176212642}}
{"target": 0.8268489309498773, "params": {"C": 46.84347181815328, "gamma": 2.4149807178734735}}
{"target": 0.872590255871013, "params": {"C": 108.43102037354403, "gamma": 0.027067442747325483}}
{"target": 0.826323168594462, "params": {"C": 138.44677890763677, "gamma": 2.892983548448814}}
{"target": 0.8277252015422363, "params": {"C": 78.67010327608254, "gamma": 3.225087822547156}}
{"target": 0.868559411146162, "params": {"C": 152.99223517282923, "gamma": 0.01}}
{"target": 0.8657553452506134, "params": {"C": 36.893212462176216, "gamma": 0.01}}
{"target": 0.8724150017525412, "params": {"C": 34.20516668776247, "gamma": 0.23953049945877486}}
{"target": 0.8266736768314056, "params": {"C": 59.005978725526, "gamma": 1.4249407593718921}}
{"target": 0.7139852786540484, "params": {"C": 186.7325529841041, "gamma": 6.676597729181791}}
{"target": 0.8257974062390466, "params": {"C": 127.63645656000662, "gamma": 3.827498672217644}}
{"target": 0.8729407641079565, "params": {"C": 81.99228637713108, "gamma": 0.03211344547551275}}
{"target": 0.8654048370136698, "params": {"C": 56.28827233403053, "gamma": 0.01}}
{"target": 0.8680336487907466, "params": {"C": 124.81596452069856, "gamma": 0.010482170292871025}}
{"target": 0.867683140553803, "params": {"C": 142.10205078873574, "gamma": 0.01}}
{"target": 0.8738170347003155, "params": {"C": 63.12482775670468, "gamma": 0.07360755856523644}}
{"target": 0.827900455660708, "params": {"C": 120.9773441503339, "gamma": 1.2678653792117216}}
{"target": 0.8371889239397126, "params": {"C": 117.86263818565358, "gamma": 5.530327894643926}}
{"target": 0.8264984227129337, "params": {"C": 196.77842067365677, "gamma": 1.090524358877252}}
{"target": 0.6684192078513845, "params": {"C": 78.41227304543456, "gamma": 10.0}}
{"target": 0.8626007711181213, "params": {"C": 4.472683588102693, "gamma": 0.016869528545177852}}
{"target": 0.8689099193831055, "params": {"C": 180.49897126021023, "gamma": 0.01}}
{"target": 0.8275499474237644, "params": {"C": 190.92922377882675, "gamma": 1.9214368042535932}}
{"target": 0.8732912723449001, "params": {"C": 88.94292155029217, "gamma": 0.04957758280078583}}
{"target": 0.8690851735015773, "params": {"C": 189.0351020241835, "gamma": 0.01}}
{"target": 0.8264984227129337, "params": {"C": 159.95392553080313, "gamma": 1.6012973101976569}}
{"target": 0.8270241850683491, "params": {"C": 108.66761378244559, "gamma": 1.2498989283739277}}
{"target": 0.8662811076060287, "params": {"C": 19.000734156480878, "gamma": 0.018931724626978508}}
{"target": 0.8720644935155977, "params": {"C": 20.819512629347905, "gamma": 0.06620584692123592}}
{"target": 0.8296529968454258, "params": {"C": 18.921287254759193, "gamma": 1.991815361570868}}
{"target": 0.8731160182264284, "params": {"C": 131.07333255838427, "gamma": 0.058069886139396745}}
{"target": 0.870136698212408, "params": {"C": 112.32606312493239, "gamma": 0.015939715965925725}}
{"target": 0.8724150017525412, "params": {"C": 101.90874370181635, "gamma": 0.06970647244427709}}
{"target": 0.8655800911321416, "params": {"C": 15.87270431171853, "gamma": 0.012180589208956588}}
{"target": 0.8689099193831055, "params": {"C": 191.41989164576432, "gamma": 0.01}}
{"target": 0.8654048370136698, "params": {"C": 53.396895961068246, "gamma": 0.01}}
{"target": 0.8689099193831055, "params": {"C": 208.51683213123997, "gamma": 0.18567463349169636}}
{"target": 0.8459516298633017, "params": {"C": 0.06718626492426986, "gamma": 0.08953649170532316}}
{"target": 0.8736417805818437, "params": {"C": 73.38647784964836, "gamma": 0.041237876796823496}}
{"target": 0.8746933052926744, "params": {"C": 93.13824308672169, "gamma": 0.09947896721990099}}
{"target": 0.8720644935155977, "params": {"C": 198.38976944059266, "gamma": 0.1439278488207721}}
{"target": 0.8689099193831055, "params": {"C": 208.51683213123997, "gamma": 0.18567463349169636}}
{"target": 0.8459516298633017, "params": {"C": 0.06718626492426986, "gamma": 0.08953649170532316}}
{"target": 0.8736417805818437, "params": {"C": 73.38647784964836, "gamma": 0.041237876796823496}}
{"target": 0.8746933052926744, "params": {"C": 93.13824308672169, "gamma": 0.09947896721990099}}
{"target": 0.8720644935155977, "params": {"C": 198.38976944059266, "gamma": 0.1439278488207721}}
{"target": 0.8708377146862951, "params": {"C": 209.60306525650336, "gamma": 0.17760048509125467}}
{"target": 0.8703119523308798, "params": {"C": 83.59566367222911, "gamma": 0.21124032235473683}}
{"target": 0.8729407641079565, "params": {"C": 220.36464582378116, "gamma": 0.10279421213426755}}
{"target": 0.8729407641079565, "params": {"C": 104.30787844192744, "gamma": 0.08663392080194444}}
{"target": 0.8692604276200491, "params": {"C": 186.00958721723643, "gamma": 0.1966107906381195}}
{"target": 0.8706624605678234, "params": {"C": 61.66327173997169, "gamma": 0.22803027606100693}}
{"target": 0.8741675429372591, "params": {"C": 117.79559009363521, "gamma": 0.11884929822806278}}
{"target": 0.872590255871013, "params": {"C": 128.90796756598706, "gamma": 0.1700601922020935}}
{"target": 0.8710129688047669, "params": {"C": 142.96236772877884, "gamma": 0.1804321830085084}}
{"target": 0.8689099193831055, "params": {"C": 234.60182028905444, "gamma": 0.22561478550052444}}
{"target": 0.8696109358569927, "params": {"C": 158.55707826997224, "gamma": 0.23642415434416242}}
{"target": 0.8746933052926744, "params": {"C": 43.092937865837946, "gamma": 0.11876647531462203}}
{"target": 0.8739922888187872, "params": {"C": 34.6066245751865, "gamma": 0.08215245199902928}}
{"target": 0.8746933052926744, "params": {"C": 24.370176173633503, "gamma": 0.16298798110110796}}
{"target": 0.8717139852786541, "params": {"C": 454.88721158413307, "gamma": 0.11569555230125166}}
{"target": 0.8715387311601822, "params": {"C": 50.99925638932291, "gamma": 0.2292477154772276}}
{"target": 0.8699614440939362, "params": {"C": 469.8028967594715, "gamma": 0.10733711964217518}}
{"target": 0.8732912723449001, "params": {"C": 440.70704108981266, "gamma": 0.031779705153109634}}
{"target": 0.8710129688047669, "params": {"C": 430.11438473126935, "gamma": 0.16869354819223983}}
{"target": 0.8654048370136698, "params": {"C": 331.74706270357837, "gamma": 0.23554350819906372}}
{"target": 0.8729407641079565, "params": {"C": 404.9521660134268, "gamma": 0.09157758884306212}}
{"target": 0.8718892393971258, "params": {"C": 394.4562785617291, "gamma": 0.040783421747524404}}
{"target": 0.8643533123028391, "params": {"C": 415.35517430782556, "gamma": 0.22443540358309783}}
{"target": 0.8662811076060287, "params": {"C": 17.53064426168418, "gamma": 0.02}}
{"target": 0.8745180511742026, "params": {"C": 111.42165954885003, "gamma": 0.11642044880326376}}
{"target": 0.8696109358569927, "params": {"C": 377.0502839705619, "gamma": 0.20061457055507587}}
{"target": 0.8750438135296179, "params": {"C": 281.3702478860169, "gamma": 0.07311657935849461}}
