{"target": 0.8689099193831055, "params": {"C": 290.3839074740682, "gamma": 0.19916887322047425}}
{"target": 0.8724150017525412, "params": {"C": 273.4597309873421, "gamma": 0.0504307431755949}}
{"target": 0.8715387311601822, "params": {"C": 500.0, "gamma": 0.02}}
{"target": 0.8720644935155977, "params": {"C": 258.50724846605476, "gamma": 0.09832492860310618}}
{"target": 0.8718892393971258, "params": {"C": 487.2731904871238, "gamma": 0.09620794887616643}}
{"target": 0.8722397476340694, "params": {"C": 356.67338817234537, "gamma": 0.020148996150651775}}
{"target": 0.8738170347003155, "params": {"C": 29.15556107793776, "gamma": 0.18851238416759475}}
{"target": 0.8757448300035051, "params": {"C": 310.156133648236, "gamma": 0.07390998379362461}}
{"target": 0.8731160182264284, "params": {"C": 316.87466429560794, "gamma": 0.034652605073344986}}
{"target": 0.868559411146162, "params": {"C": 303.210026722776, "gamma": 0.21457044091183924}}
{"target": 0.8717139852786541, "params": {"C": 248.48222571401718, "gamma": 0.06220614674865241}}
{"target": 0.8657553452506134, "params": {"C": 347.2675838681692, "gamma": 0.2477017883830501}}
{"target": 0.8748685594111462, "params": {"C": 365.2633252645403, "gamma": 0.06854528836739361}}
{"target": 0.8718892393971258, "params": {"C": 171.9290219724133, "gamma": 0.026556728877259746}}
{"target": 0.8626007711181213, "params": {"C": 447.3765401010949, "gamma": 0.24706852035279836}}
{"target": 0.8703119523308798, "params": {"C": 97.91775424633025, "gamma": 0.02}}
{"target": 0.8720644935155977, "params": {"C": 39.04414929565584, "gamma": 0.03574611606996021}}
{"target": 0.8720644935155977, "params": {"C": 215.08909372620465, "gamma": 0.02}}
{"target": 0.8736417805818437, "params": {"C": 123.00981776324491, "gamma": 0.04279113130705736}}
{"target": 0.8717139852786541, "params": {"C": 369.82462740317, "gamma": 0.12446373865262833}}
{"target": 0.8743427970557308, "params": {"C": 265.89895496387527, "gamma": 0.031840632421178065}}
{"target": 0.8711882229232387, "params": {"C": 461.31294648840264, "gamma": 0.12659600757090775}}
{"target": 0.8668068699614441, "params": {"C": 479.47566273797077, "gamma": 0.20221369093224234}}
{"target": 0.8727655099894848, "params": {"C": 436.2224548107994, "gamma": 0.05415379427746567}}
{"target": 0.867683140553803, "params": {"C": 386.6915623823231, "gamma": 0.21013966491769967}}
{"target": 0.8745180511742026, "params": {"C": 135.64065575947893, "gamma": 0.08720845882738057}}
{"target": 0.8648790746582544, "params": {"C": 493.3307635107108, "gamma": 0.21794426757966726}}
{"target": 0.8757448300035051, "params": {"C": 68.33556549787252, "gamma": 0.14218888754395162}}
{"target": 0.8731160182264284, "params": {"C": 226.29005071873726, "gamma": 0.028674089885455226}}
{"target": 0.8687346652646337, "params": {"C": 399.95302222860647, "gamma": 0.18572423757393614}}
{"target": 0.8720644935155977, "params": {"C": 361.35588908102017, "gamma": 0.1228033577755226}}
{"target": 0.8743427970557308, "params": {"C": 89.25045267141535, "gamma": 0.04284707095636606}}
{"target": 0.8732912723449001, "params": {"C": 150.38972311658452, "gamma": 0.03155821639290135}}
{"target": 0.8692604276200491, "params": {"C": 178.17542868329082, "gamma": 0.21817957614348366}}
{"target": 0.8696109358569927, "params": {"C": 166.02345244114827, "gamma": 0.24880597784543898}}
{"target": 0.8717139852786541, "params": {"C": 313.04211376117064, "gamma": 0.1264387504840973}}
{"target": 0.8671573781983877, "params": {"C": 322.0216455872237, "gamma": 0.22088288304492132}}
{"target": 0.8690851735015773, "params": {"C": 277.9952555859109, "gamma": 0.19761137329051326}}
{"target": 0.8724150017525412, "params": {"C": 284.55328098986416, "gamma": 0.09453156535407947}}
{"target": 0.8711882229232387, "params": {"C": 269.39795593898725, "gamma": 0.11408666607447829}}
{"target": 0.8710129688047669, "params": {"C": 46.411042941044336, "gamma": 0.02829104436570698}}
{"target": 0.8739922888187872, "params": {"C": 108.0847197299917, "gamma": 0.16709338224749137}}
{"target": 0.8715387311601822, "params": {"C": 262.64781196924804, "gamma": 0.14095675807550284}}
{"target": 0.8682089029092184, "params": {"C": 253.64085790700372, "gamma": 0.2257039911356869}}
{"target": 0.8736417805818437, "params": {"C": 242.87987859837142, "gamma": 0.028811874164698513}}
{"target": 0.8689099193831055, "params": {"C": 114.51865554221826, "gamma": 0.24529991277570995}}
{"target": 0.8683841570276901, "params": {"C": 70.59336351225956, "gamma": 0.25}}
{"target": 0.8729407641079565, "params": {"C": 67.28069439957143, "gamma": 0.09177456634067896}}
{"target": 0.8724150017525412, "params": {"C": 91.23272995774384, "gamma": 0.07580717644150516}}
{"target": 0.8724150017525412, "params": {"C": 308.63644731828725, "gamma": 0.15352179102468172}}
{"target": 0.8706624605678234, "params": {"C": 109.8186230302066, "gamma": 0.02}}
{"target": 0.8720644935155977, "params": {"C": 282.67176413527653, "gamma": 0.13112257488160764}}
{"target": 0.8734665264633719, "params": {"C": 26.095783892730413, "gamma": 0.13528740247436583}}
{"target": 0.8711882229232387, "params": {"C": 366.921016045861, "gamma": 0.1379745501483198}}
{"target": 0.8648790746582544, "params": {"C": 363.7161975073359, "gamma": 0.24674351202598094}}
{"target": 0.8734665264633719, "params": {"C": 311.0881409959287, "gamma": 0.06617757773479195}}
{"target": 0.872590255871013, "params": {"C": 41.91436030868663, "gamma": 0.22878188232383465}}
{"target": 0.8690851735015773, "params": {"C": 94.37065800039709, "gamma": 0.2449225311680148}}
{"target": 0.8713634770417105, "params": {"C": 280.3145157278712, "gamma": 0.13975701666826573}}
{"target": 0.8745180511742026, "params": {"C": 136.81493436838278, "gamma": 0.08699974064640456}}
{"target": 0.8715387311601822, "params": {"C": 106.61210678807569, "gamma": 0.18313825654289775}}
{"target": 0.8736417805818437, "params": {"C": 23.067001551425363, "gamma": 0.09951684917703413}}
{"target": 0.8703119523308798, "params": {"C": 27.743077174401538, "gamma": 0.031074908180630044}}
{"target": 0.8732912723449001, "params": {"C": 44.37895950160021, "gamma": 0.10565705366388438}}
{"target": 0.8734665264633719, "params": {"C": 87.7939739723714, "gamma": 0.06351587573336046}}
{"target": 0.8717139852786541, "params": {"C": 30.724828566820502, "gamma": 0.03733538101404775}}
{"target": 0.8741675429372591, "params": {"C": 119.33702092577174, "gamma": 0.12523360916448356}}
{"target": 0.8736417805818437, "params": {"C": 121.064468623757, "gamma": 0.048321076776264}}
{"target": 0.8745180511742026, "params": {"C": 36.253377548846586, "gamma": 0.08468999011919218}}
{"target": 0.8741675429372591, "params": {"C": 75.06499804432397, "gamma": 0.15501230814476002}}
{"target": 0.8703119523308798, "params": {"C": 438.5264134491202, "gamma": 0.16023227760173797}}
{"target": 0.8748685594111462, "params": {"C": 76.90717260085343, "gamma": 0.10641063761102107}}
{"target": 0.8738170347003155, "params": {"C": 78.64899974773083, "gamma": 0.05277708206831269}}
{"target": 0.8713634770417105, "params": {"C": 133.6994593399013, "gamma": 0.18367733957402108}}
{"target": 0.8718892393971258, "params": {"C": 244.80682689520125, "gamma": 0.11536505657083146}}
{"target": 0.8752190676480898, "params": {"C": 138.72232378519794, "gamma": 0.0938359989400905}}
{"target": 0.8727655099894848, "params": {"C": 140.2478646193854, "gamma": 0.14653067564706226}}
{"target": 0.8717139852786541, "params": {"C": 240.87178348058038, "gamma": 0.11695508096399085}}
{"target": 0.8727655099894848, "params": {"C": 125.17725156496196, "gamma": 0.12900307175685416}}
{"target": 0.8727655099894848, "params": {"C": 223.8816478145057, "gamma": 0.027131069538754455}}
