{"target": 2.4291922273783473, "params": {"C": 208.51683213123997, "gamma": 3.601902142717348}}
{"target": 2.2842299780627857, "params": {"C": 0.06718626492426986, "gamma": 1.5123605305865668}}
{"target": 2.4351105792588443, "params": {"C": 73.38647784964836, "gamma": 0.4626006352492202}}
{"target": 2.407216409740069, "params": {"C": 93.13824308672169, "gamma": 1.7284580744881954}}
{"target": 2.4245897767979785, "params": {"C": 198.38976944059266, "gamma": 2.694544853282781}}
{"target": 2.4275362112901546, "params": {"C": 209.60306525650336, "gamma": 3.4264122824834002}}
{"target": 2.425895284649228, "params": {"C": 499.91711296173986, "gamma": 4.597934527590561}}
{"target": 2.428185348485033, "params": {"C": 451.5585972123311, "gamma": 2.9960538111093795}}
{"target": 2.425180998934942, "params": {"C": 403.43252689778177, "gamma": 4.96630991709039}}
{"target": 2.441510264207425, "params": {"C": 352.68565182968445, "gamma": 0.054540094744002204}}
{"target": 2.4247960962314274, "params": {"C": 314.77998857530406, "gamma": 3.968460126641559}}
{"target": 2.4251230838770272, "params": {"C": 272.2759072029286, "gamma": 5.0}}
{"target": 2.4260171505439643, "params": {"C": 145.3844431018966, "gamma": 5.0}}
{"target": 2.4248497957173036, "params": {"C": 375.2402507792667, "gamma": 4.9487420254122245}}
{"target": 2.4279048268638173, "params": {"C": 50.949719272132995, "gamma": 5.0}}
{"target": 2.3542682497729817, "params": {"C": 475.72078693967563, "gamma": 0.001}}
{"target": 2.4399905809369535, "params": {"C": 429.1086586006379, "gamma": 0.16300633825403732}}
{"target": 2.3794384492649474, "params": {"C": 246.4407858945096, "gamma": 0.0031292302505543704}}
{"target": 2.3539744589113676, "params": {"C": 292.6630632910819, "gamma": 0.001}}
{"target": 2.42442206740314, "params": {"C": 334.52945303389686, "gamma": 4.975742270523854}}
{"target": 2.435507553520172, "params": {"C": 168.08715953041906, "gamma": 0.3475347381324116}}
{"target": 2.349306859811592, "params": {"C": 122.8122123135132, "gamma": 0.001}}
{"target": 2.4273938426935273, "params": {"C": 438.8738814841591, "gamma": 4.713866487070794}}
{"target": 2.4246537276348, "params": {"C": 417.78630704778726, "gamma": 4.925301683338197}}
{"target": 2.449344508997506, "params": {"C": 35.49705541255593, "gamma": 0.14849270695167846}}
{"target": 2.426290438703688, "params": {"C": 180.75775074361155, "gamma": 5.0}}
{"target": 2.3537470142517463, "params": {"C": 389.38021603320766, "gamma": 0.001}}
{"target": 2.4248691007366086, "params": {"C": 362.5311100426568, "gamma": 4.948360125278392}}
{"target": 2.4289726387045, "params": {"C": 26.88763263490184, "gamma": 5.0}}
{"target": 2.426673521200335, "params": {"C": 157.371515886655, "gamma": 4.803729628978924}}
{"target": 2.443519183897733, "params": {"C": 61.56929625066954, "gamma": 0.2580599701805372}}
{"target": 2.4255091842631273, "params": {"C": 346.09642321190046, "gamma": 4.8707540180802615}}
{"target": 2.4385674227630063, "params": {"C": 324.7591897540983, "gamma": 0.2880296350759454}}
{"target": 2.428271622230613, "params": {"C": 38.62354858594893, "gamma": 4.938204146749811}}
{"target": 2.4269112172109018, "params": {"C": 66.66439412176942, "gamma": 4.93109661916857}}
{"target": 2.4259206254474392, "params": {"C": 227.17221600487622, "gamma": 5.0}}
{"target": 2.4265910773324024, "params": {"C": 45.10241764696889, "gamma": 0.026262839273190435}}
{"target": 2.3515046141229106, "params": {"C": 263.5796612275655, "gamma": 0.001}}
{"target": 2.4261908957177094, "params": {"C": 81.86075905238842, "gamma": 4.948409379648123}}
{"target": 2.4261337926479882, "params": {"C": 409.78722741607675, "gamma": 0.012871164566192295}}
{"target": 2.3532227608410574, "params": {"C": 368.50584943291494, "gamma": 0.001}}
{"target": 2.42438345736453, "params": {"C": 355.2480710611044, "gamma": 4.979558426964249}}
{"target": 2.439006647476679, "params": {"C": 188.13800281078656, "gamma": 0.0435283960952874}}
{"target": 2.349697175769731, "params": {"C": 220.43160125818568, "gamma": 0.001}}
{"target": 2.4262874208142344, "params": {"C": 234.6156064504694, "gamma": 4.8723521283533895}}
{"target": 2.339609704341566, "params": {"C": 19.94768016180964, "gamma": 0.001}}
{"target": 2.4248304906979983, "params": {"C": 460.2856371773208, "gamma": 4.9687364647213315}}
{"target": 2.354265231883528, "params": {"C": 492.108623485805, "gamma": 0.001}}
{"target": 2.4229273392364874, "params": {"C": 176.0799009419355, "gamma": 0.014447854420743068}}
