{"target": 2.441624478411145, "params": {"C": 208.51683213123997, "gamma": 3.6072159773419474}}
{"target": 2.285681881414697, "params": {"C": 0.06718626492426986, "gamma": 1.5256162117065621}}
{"target": 2.4419719620941196, "params": {"C": 73.38647784964836, "gamma": 0.4798462019486131}}
{"target": 2.4203892278172376, "params": {"C": 93.13824308672169, "gamma": 1.7408924206743779}}
{"target": 2.437077008932443, "params": {"C": 198.38976944059266, "gamma": 2.7033073353367176}}
{"target": 2.4416126584845097, "params": {"C": 209.60306525650336, "gamma": 3.4323931119758626}}
{"target": 2.4389447370387725, "params": {"C": 323.38301911655816, "gamma": 4.953815332348543}}
{"target": 2.4398138823467805, "params": {"C": 401.6133553332867, "gamma": 4.304456138333994}}
{"target": 2.425365183314508, "params": {"C": 481.11835287281355, "gamma": 0.4806088254863033}}
{"target": 2.4385392589400596, "params": {"C": 273.14799153425264, "gamma": 5.0}}
{"target": 2.450712235148968, "params": {"C": 363.0250071586617, "gamma": 0.10571394019325893}}
{"target": 2.4330260602667564, "params": {"C": 440.53052284799406, "gamma": 0.02}}
{"target": 2.4396457367337927, "params": {"C": 149.05332622911226, "gamma": 5.0}}
{"target": 2.4399325234213425, "params": {"C": 245.82580739627466, "gamma": 4.816191878079004}}
{"target": 2.438478370725539, "params": {"C": 345.95191191812785, "gamma": 4.977651459559966}}
{"target": 2.4301700424118486, "params": {"C": 298.66387639587094, "gamma": 0.02}}
{"target": 2.4383595786411747, "params": {"C": 377.88856369997876, "gamma": 4.929993222459458}}
{"target": 2.438185799916174, "params": {"C": 499.9780315748427, "gamma": 4.979970468442606}}
{"target": 2.439938307543158, "params": {"C": 168.94418227491533, "gamma": 5.0}}
{"target": 2.4413373729251235, "params": {"C": 57.07292398616594, "gamma": 5.0}}
{"target": 2.4320354237704462, "params": {"C": 419.3332948098611, "gamma": 0.02}}
{"target": 2.426210380098081, "params": {"C": 128.1819358510201, "gamma": 0.02}}
{"target": 2.4305814220844457, "params": {"C": 258.75505178487106, "gamma": 0.02116202906085608}}
{"target": 2.4394140541389473, "params": {"C": 228.8422848984537, "gamma": 5.0}}
{"target": 2.441624478411145, "params": {"C": 208.51683213123997, "gamma": 3.601902142717348}}
{"target": 2.2882482792471817, "params": {"C": 0.06718626492426986, "gamma": 1.5123605305865668}}
{"target": 2.444022925325486, "params": {"C": 73.38647784964836, "gamma": 0.4626006352492202}}
{"target": 2.4217333401163006, "params": {"C": 93.13824308672169, "gamma": 1.7284580744881954}}
{"target": 2.4374275339482536, "params": {"C": 198.38976944059266, "gamma": 2.694544853282781}}
{"target": 2.4412042295988554, "params": {"C": 209.60306525650336, "gamma": 3.4264122824834002}}
{"target": 2.439755995255803, "params": {"C": 209.90976956655808, "gamma": 4.180326539796606}}
{"target": 2.4491304044502407, "params": {"C": 74.04053017586965, "gamma": 0.13252930622927434}}
{"target": 2.4338220342768935, "params": {"C": 93.08388376906821, "gamma": 0.7101570353971095}}
{"target": 2.4242899516349388, "params": {"C": 363.66883436607407, "gamma": 0.5522894642250201}}
{"target": 2.4432934401780386, "params": {"C": 72.65797660518243, "gamma": 0.077220281776738}}
{"target": 2.4332509698805262, "params": {"C": 362.3372702293147, "gamma": 0.33235295431213274}}
{"target": 2.413787592637223, "params": {"C": 198.65696043867348, "gamma": 1.7063586596414262}}
{"target": 2.4408625905016046, "params": {"C": 210.68585792163265, "gamma": 3.5536929841830642}}
{"target": 2.441682164155719, "params": {"C": 208.89252563852935, "gamma": 4.597943318421179}}
{"target": 2.428481239555391, "params": {"C": 73.37648392301475, "gamma": 0.025425985072314753}}
{"target": 2.452867253308856, "params": {"C": 74.70126505718531, "gamma": 0.14289054021836423}}
{"target": 2.4363118346586217, "params": {"C": 209.19743731879234, "gamma": 3.9582184295932614}}
{"target": 2.437364365007579, "params": {"C": 74.56032487364521, "gamma": 0.7951674514012784}}
{"target": 2.4464616899339777, "params": {"C": 75.33833020596671, "gamma": 0.24832327004264487}}
{"target": 2.4359475277884934, "params": {"C": 75.8001490711986, "gamma": 0.845634229191625}}
{"target": 2.4413316391399085, "params": {"C": 207.93856022315583, "gamma": 4.629876331430988}}
{"target": 2.438530708598839, "params": {"C": 207.75358843558567, "gamma": 3.8909779777615006}}
{"target": 2.4351925190908985, "params": {"C": 72.05274366866557, "gamma": 0.6324045986636038}}
{"target": 2.4394054702399925, "params": {"C": 210.95259844361524, "gamma": 4.2591932791485245}}
{"target": 2.439758627244273, "params": {"C": 209.57714307872055, "gamma": 4.924722110840919}}
{"target": 2.4407435970708367, "params": {"C": 56.92741314647739, "gamma": 4.293579995716379}}
{"target": 2.4445961697748064, "params": {"C": 57.835374954052334, "gamma": 4.4321452609971965}}
{"target": 2.440795750376599, "params": {"C": 57.91127112999378, "gamma": 3.537151458126403}}
{"target": 2.4426118621009083, "params": {"C": 58.45388573176999, "gamma": 4.723424139787848}}
{"target": 2.4385277242541625, "params": {"C": 58.633154014036414, "gamma": 3.8617231929809215}}
{"target": 2.435077561409895, "params": {"C": 57.22127805971804, "gamma": 3.6772515753115407}}
{"target": 2.4399325234213425, "params": {"C": 207.08789761757356, "gamma": 4.813120015865011}}
{"target": 2.4394110697942715, "params": {"C": 210.4589228875557, "gamma": 4.972521080963695}}
{"target": 2.4400453971529563, "params": {"C": 56.286070888503026, "gamma": 4.826230869574245}}
{"target": 2.4428465122615624, "params": {"C": 59.19948415754108, "gamma": 4.681374721263306}}
{"target": 2.441209946605203, "params": {"C": 59.861210663989596, "gamma": 4.288701125415196}}
{"target": 2.441682415838723, "params": {"C": 211.47379253650266, "gamma": 3.599306989973026}}
{"target": 2.442258940000765, "params": {"C": 211.24406191849792, "gamma": 2.929044592347002}}
{"target": 2.4426094482377088, "params": {"C": 212.02195211274173, "gamma": 2.9326907386032364}}
{"target": 2.442670067990358, "params": {"C": 212.54716070518708, "gamma": 3.5006004127649084}}
{"target": 2.4401065034927467, "params": {"C": 212.09129785497672, "gamma": 4.18301002992022}}
{"target": 2.437250770878577, "params": {"C": 212.79734255980114, "gamma": 2.7011699723507507}}
{"target": 2.4416269929475467, "params": {"C": 60.12336460281218, "gamma": 4.984670928790512}}
{"target": 2.4261594190799016, "params": {"C": 211.6828936963758, "gamma": 2.2963556477074882}}
{"target": 2.447391769223468, "params": {"C": 31.32575027049798, "gamma": 2.6375046489378735}}
{"target": 2.4435419795177715, "params": {"C": 31.46355891148545, "gamma": 3.2266597545440225}}
{"target": 2.402279987566729, "params": {"C": 363.6115275135609, "gamma": 1.208100649509414}}
{"target": 2.4442430127705257, "params": {"C": 30.763481767241142, "gamma": 3.133048866676367}}
{"target": 2.443362416670955, "params": {"C": 30.72437671098961, "gamma": 2.4488518732941955}}
{"target": 2.4343485180706574, "params": {"C": 31.4401336329172, "gamma": 1.8211796413370487}}
{"target": 2.446230304789099, "params": {"C": 32.284659459838345, "gamma": 2.5441965418017665}}
{"target": 2.4442430463282596, "params": {"C": 32.17142978763987, "gamma": 3.177762520693579}}
{"target": 2.446934339165396, "params": {"C": 32.997324765726006, "gamma": 2.7005603542359276}}
{"target": 2.4429019015950058, "params": {"C": 32.84562311748083, "gamma": 3.249449465198763}}
{"target": 2.4351015871771056, "params": {"C": 32.84833556097673, "gamma": 1.8979031676779128}}
{"target": 2.4479190573089555, "params": {"C": 33.6236551642254, "gamma": 2.7848586548515715}}
{"target": 2.404549041663828, "params": {"C": 388.2627371042191, "gamma": 0.982036452826041}}
{"target": 2.438771528795248, "params": {"C": 33.937704808891645, "gamma": 2.0959517287200358}}
{"target": 2.442609280449039, "params": {"C": 33.55620480691144, "gamma": 3.3610888010111246}}
{"target": 2.438521789122545, "params": {"C": 32.25786559598577, "gamma": 3.8655950289825936}}
{"target": 2.439280709466276, "params": {"C": 30.98688464360929, "gamma": 3.9008013424997934}}
{"target": 2.448037832614453, "params": {"C": 30.09153097721634, "gamma": 2.858712741460567}}
{"target": 2.439287013732967, "params": {"C": 29.88125997637878, "gamma": 2.2775449337289544}}
{"target": 2.442727988639069, "params": {"C": 30.092149862462218, "gamma": 3.5530935230650287}}
{"target": 2.443600017618551, "params": {"C": 34.14345980775678, "gamma": 3.066133322775271}}
{"target": 2.446050641269081, "params": {"C": 34.8914640947375, "gamma": 2.8180909278180146}}
{"target": 2.4438346845580723, "params": {"C": 35.57588255672157, "gamma": 3.035914806244503}}
{"target": 2.4451788136360024, "params": {"C": 29.527092288921136, "gamma": 3.0172608855466434}}
{"target": 2.438223719432102, "params": {"C": 35.36677580413617, "gamma": 2.345747642865616}}
{"target": 2.441615558934851, "params": {"C": 35.16217377109936, "gamma": 3.4968145010790326}}
{"target": 2.4399847774003067, "params": {"C": 29.220904992110935, "gamma": 3.6061121590198106}}
{"target": 2.442432550937096, "params": {"C": 36.370496776614345, "gamma": 3.232756358379232}}
{"target": 2.445233733161171, "params": {"C": 28.989557968054562, "gamma": 2.622139796876865}}
{"target": 2.4395733138333755, "params": {"C": 35.82323841548132, "gamma": 3.8970640725903953}}
{"target": 2.4375551448357107, "params": {"C": 28.77599519902791, "gamma": 1.947950969766626}}
{"target": 2.4404540441638813, "params": {"C": 131.46799868889354, "gamma": 3.7721987388326075}}
{"target": 2.439698074607092, "params": {"C": 212.96313353245077, "gamma": 4.130377360032388}}
{"target": 2.44523368282457, "params": {"C": 28.648619055624554, "gamma": 3.0873131820212536}}
{"target": 2.447745245026221, "params": {"C": 28.00099223012233, "gamma": 2.954363910874987}}
{"target": 2.4394024691164495, "params": {"C": 28.435950512989148, "gamma": 3.7655568309924043}}
{"target": 2.440509282487522, "params": {"C": 27.714449849450027, "gamma": 2.4135311177564063}}
{"target": 2.442319559753414, "params": {"C": 27.66942820979342, "gamma": 3.511604478294904}}
{"target": 2.43999364654, "params": {"C": 401.2292152489528, "gamma": 3.8731687318369983}}
{"target": 2.439298883996203, "params": {"C": 340.3843027933364, "gamma": 2.645389019110512}}
{"target": 2.4409753803388834, "params": {"C": 34.357430803379835, "gamma": 3.973822804148925}}
{"target": 2.446050691605682, "params": {"C": 34.37937488104041, "gamma": 2.567018060978403}}
{"target": 2.443307463588053, "params": {"C": 36.20752478653004, "gamma": 2.436903302284157}}
{"target": 2.4461144802705435, "params": {"C": 36.916637187981834, "gamma": 2.8687734129951794}}
{"target": 2.447275911147179, "params": {"C": 28.298506201146363, "gamma": 2.502659032862567}}
{"target": 2.441789572563989, "params": {"C": 37.61822573457192, "gamma": 3.135733876206259}}
